<?xml version="1.0" encoding="UTF-8"?>
<testsuite xmlns:xsi="http://www.w3.org/2001/XMLSchema-instance" xsi:noNamespaceSchemaLocation="https://maven.apache.org/surefire/maven-surefire-plugin/xsd/surefire-test-report.xsd" name="Runner.LoginTest" time="1.113" tests="5" errors="0" skipped="0" failures="0">
  <properties>
[...]
</properties>
  <testcase name="Login with Valid Credentials" classname="User Login" time="0.141"/>
  <testcase name="Login with Invalid Credentials" classname="User Login" time="0.015"/>
  <testcase name="Login with valid username and invalid password" classname="User Login" time="0.019"/>
  <testcase name="Login with invalid username and valid password" classname="User Login" time="0.01"/>
  <testcase name="Login without any credentials" classname="User Login" time="0.006"/>
</testsuite>